<?xml version="1.0" encoding="UTF-8"?><testsuite errors="0" failures="1" name="Autenticacion en la pagina de Facebook" skipped="0" tests="1" time="7.51" timestamp="2025-05-22 07:27:11"><testcase name="Verificar la autenticacion correcta en la pagina de Facebook"><failure message="Expected validacion login&#13;&#10;Expected: is &lt;true&gt;&#13;&#10;     but: was &lt;false&gt;" type="java.lang.AssertionError">Expected validacion login&#13;
Expected: is &lt;true&gt;&#13;
     but: was &lt;false&gt;</failure><system-err>Expected validacion login&#13;
Expected: is &lt;true&gt;&#13;
     but: was &lt;false&gt;&#13;
co.com.AutomatizacionFacebookPage.stepsdefinitions.AutenticacionFacebookStepDefinitions.seDebeVerificarQueElUsuarioHayaSidoAutenticadoCorrectamenteYRedirigidoASuPaginaDeInicio(AutenticacionFacebookStepDefinitions.java:34)&#13;
✽.se debe verificar que el usuario haya sido autenticado correctamente y redirigido a su pagina de inicio(src/test/resources/features/autenticacion.feature:15)&#13;
</system-err></testcase></testsuite>