<?xml version="1.0" encoding="UTF-8"?><testsuite errors="0" failures="1" name="Registro completo de nuevos usuarios en la plataforma" skipped="0" tests="1" time="20.6" timestamp="2025-05-26 09:09:54"><testcase name="Registro de usuario completando todos los pasos del formulario"><failure message="Expected validacion register&#13;&#10;Expected: is &lt;true&gt;&#13;&#10;     but: was &lt;false&gt;" type="java.lang.AssertionError">Expected validacion register&#13;
Expected: is &lt;true&gt;&#13;
     but: was &lt;false&gt;</failure><system-err>Expected validacion register&#13;
Expected: is &lt;true&gt;&#13;
     but: was &lt;false&gt;&#13;
co.com.LOGIN.stepsdefinitions.Register.laCuentaDebeSerCreadaYElUsuarioRedirigidoALaVistaDeConfirmación(Register.java:21)&#13;
✽.la cuenta debe ser creada y el usuario redirigido a la vista de confirmación(src/test/resources/features/Register.feature:22)&#13;
</system-err></testcase></testsuite>